{
  errno: -111,
  code: 'ECONNREFUSED',
  syscall: 'connect',
  address: '127.0.0.1',
  port: 3306,
  fatal: true,
  level: 'error',
  timestamp: '2021-06-29T14:31:37.651Z'
}
{
  error: ConnectionRefusedError [SequelizeConnectionRefusedError]: connect ECONNREFUSED 127.0.0.1:3306
      at ConnectionManager.connect (/app/node_modules/sequelize/lib/dialects/mysql/connection-manager.js:116:17)
      at processTicksAndRejections (node:internal/process/task_queues:96:5)
      at async ConnectionManager._connect (/app/node_modules/sequelize/lib/dialects/abstract/connection-manager.js:318:24)
      at async /app/node_modules/sequelize/lib/dialects/abstract/connection-manager.js:250:32
      at async ConnectionManager.getConnection (/app/node_modules/sequelize/lib/dialects/abstract/connection-manager.js:280:7)
      at async /app/node_modules/sequelize/lib/sequelize.js:613:26
      at async MySQLQueryInterface.createTable (/app/node_modules/sequelize/lib/dialects/abstract/query-interface.js:225:12)
      at async Function.sync (/app/node_modules/sequelize/lib/model.js:1300:5)
      at async Sequelize.sync (/app/node_modules/sequelize/lib/sequelize.js:793:35) {
    parent: Error: connect ECONNREFUSED 127.0.0.1:3306
        at TCPConnectWrap.afterConnect [as oncomplete] (node:net:1133:16) {
      errno: -111,
      code: 'ECONNREFUSED',
      syscall: 'connect',
      address: '127.0.0.1',
      port: 3306,
      fatal: true
    },
    original: Error: connect ECONNREFUSED 127.0.0.1:3306
        at TCPConnectWrap.afterConnect [as oncomplete] (node:net:1133:16) {
      errno: -111,
      code: 'ECONNREFUSED',
      syscall: 'connect',
      address: '127.0.0.1',
      port: 3306,
      fatal: true
    }
  },
  level: 'error',
  message: 'uncaughtException: connect ECONNREFUSED 127.0.0.1:3306\n' +
    'SequelizeConnectionRefusedError: connect ECONNREFUSED 127.0.0.1:3306\n' +
    '    at ConnectionManager.connect (/app/node_modules/sequelize/lib/dialects/mysql/connection-manager.js:116:17)\n' +
    '    at processTicksAndRejections (node:internal/process/task_queues:96:5)\n' +
    '    at async ConnectionManager._connect (/app/node_modules/sequelize/lib/dialects/abstract/connection-manager.js:318:24)\n' +
    '    at async /app/node_modules/sequelize/lib/dialects/abstract/connection-manager.js:250:32\n' +
    '    at async ConnectionManager.getConnection (/app/node_modules/sequelize/lib/dialects/abstract/connection-manager.js:280:7)\n' +
    '    at async /app/node_modules/sequelize/lib/sequelize.js:613:26\n' +
    '    at async MySQLQueryInterface.createTable (/app/node_modules/sequelize/lib/dialects/abstract/query-interface.js:225:12)\n' +
    '    at async Function.sync (/app/node_modules/sequelize/lib/model.js:1300:5)\n' +
    '    at async Sequelize.sync (/app/node_modules/sequelize/lib/sequelize.js:793:35)',
  stack: 'SequelizeConnectionRefusedError: connect ECONNREFUSED 127.0.0.1:3306\n' +
    '    at ConnectionManager.connect (/app/node_modules/sequelize/lib/dialects/mysql/connection-manager.js:116:17)\n' +
    '    at processTicksAndRejections (node:internal/process/task_queues:96:5)\n' +
    '    at async ConnectionManager._connect (/app/node_modules/sequelize/lib/dialects/abstract/connection-manager.js:318:24)\n' +
    '    at async /app/node_modules/sequelize/lib/dialects/abstract/connection-manager.js:250:32\n' +
    '    at async ConnectionManager.getConnection (/app/node_modules/sequelize/lib/dialects/abstract/connection-manager.js:280:7)\n' +
    '    at async /app/node_modules/sequelize/lib/sequelize.js:613:26\n' +
    '    at async MySQLQueryInterface.createTable (/app/node_modules/sequelize/lib/dialects/abstract/query-interface.js:225:12)\n' +
    '    at async Function.sync (/app/node_modules/sequelize/lib/model.js:1300:5)\n' +
    '    at async Sequelize.sync (/app/node_modules/sequelize/lib/sequelize.js:793:35)',
  exception: true,
  date: 'Tue Jun 29 2021 14:31:37 GMT+0000 (Coordinated Universal Time)',
  process: {
    pid: 42,
    uid: 0,
    gid: 0,
    cwd: '/app',
    execPath: '/usr/local/bin/node',
    version: 'v16.3.0',
    argv: [ '/usr/local/bin/node', '/app/server.js' ],
    memoryUsage: {
      rss: 89329664,
      heapTotal: 57053184,
      heapUsed: 19795096,
      external: 1040008,
      arrayBuffers: 90554
    }
  },
  os: { loadavg: [ 0.19, 0.12, 0.17 ], uptime: 159274.85 },
  trace: [
    {
      column: 17,
      file: '/app/node_modules/sequelize/lib/dialects/mysql/connection-manager.js',
      function: 'ConnectionManager.connect',
      line: 116,
      method: 'connect',
      native: false
    },
    {
      column: 5,
      file: 'node:internal/process/task_queues',
      function: 'processTicksAndRejections',
      line: 96,
      method: null,
      native: false
    },
    {
      column: 24,
      file: '/app/node_modules/sequelize/lib/dialects/abstract/connection-manager.js',
      function: 'async ConnectionManager._connect',
      line: 318,
      method: '_connect',
      native: false
    },
    {
      column: 32,
      file: 'async /app/node_modules/sequelize/lib/dialects/abstract/connection-manager.js',
      function: null,
      line: 250,
      method: null,
      native: false
    },
    {
      column: 7,
      file: '/app/node_modules/sequelize/lib/dialects/abstract/connection-manager.js',
      function: 'async ConnectionManager.getConnection',
      line: 280,
      method: 'getConnection',
      native: false
    },
    {
      column: 26,
      file: 'async /app/node_modules/sequelize/lib/sequelize.js',
      function: null,
      line: 613,
      method: null,
      native: false
    },
    {
      column: 12,
      file: '/app/node_modules/sequelize/lib/dialects/abstract/query-interface.js',
      function: 'async MySQLQueryInterface.createTable',
      line: 225,
      method: 'createTable',
      native: false
    },
    {
      column: 5,
      file: '/app/node_modules/sequelize/lib/model.js',
      function: 'async Function.sync',
      line: 1300,
      method: 'sync',
      native: false
    },
    {
      column: 35,
      file: '/app/node_modules/sequelize/lib/sequelize.js',
      function: 'async Sequelize.sync',
      line: 793,
      method: 'sync',
      native: false
    }
  ],
  timestamp: '2021-06-29T14:31:37.670Z'
}
